#
# There is insufficient memory for the Java Runtime Environment to continue.
# Native memory allocation (malloc) failed to allocate 1826896 bytes for Chunk::new
# Possible reasons:
#   The system is out of physical RAM or swap space
#   The process is running with CompressedOops enabled, and the Java Heap may be blocking the growth of the native heap
# Possible solutions:
#   Reduce memory load on the system
#   Increase physical memory or swap space
#   Check if swap backing store is full
#   Decrease Java heap size (-Xmx/-Xms)
#   Decrease number of Java threads
#   Decrease Java thread stack sizes (-Xss)
#   Set larger code cache with -XX:ReservedCodeCacheSize=
#   JVM is running with Unscaled Compressed Oops mode in which the Java heap is
#     placed in the first 4GB address space. The Java Heap base address is the
#     maximum limit for the native heap growth. Please use -XX:HeapBaseMinAddress
#     to set the Java Heap base and to place the Java Heap above 4GB virtual address.
# This output file may be truncated or incomplete.
#
#  Out of Memory Error (arena.cpp:189), pid=2468, tid=18688
#
# JRE version: Java(TM) SE Runtime Environment (17.0.7+8) (build 17.0.7+8-LTS-224)
# Java VM: Java HotSpot(TM) 64-Bit Server VM (17.0.7+8-LTS-224, mixed mode, sharing, tiered, compressed oops, compressed class ptrs, g1 gc, windows-amd64)
# No core dump will be written. Minidumps are not enabled by default on client versions of Windows
#

---------------  S U M M A R Y ------------

Command Line: -XX:MaxMetaspaceSize=256m -XX:+HeapDumpOnOutOfMemoryError -agentlib:jdwp=transport=dt_socket,server=n,suspend=y,address=127.0.0.1:58136 --add-opens=java.base/java.util=ALL-UNNAMED --add-opens=java.base/java.lang=ALL-UNNAMED --add-opens=java.base/java.lang.invoke=ALL-UNNAMED --add-opens=java.base/java.util=ALL-UNNAMED --add-opens=java.prefs/java.util.prefs=ALL-UNNAMED --add-opens=java.prefs/java.util.prefs=ALL-UNNAMED --add-opens=java.base/java.nio.charset=ALL-UNNAMED --add-opens=java.base/java.net=ALL-UNNAMED --add-opens=java.base/java.util.concurrent.atomic=ALL-UNNAMED -Xms256m -Xmx512m -Dfile.encoding=windows-31j -Duser.country=JP -Duser.language=ja -Duser.variant org.gradle.launcher.daemon.bootstrap.GradleDaemon 7.3.3

Host: Intel(R) Core(TM) i7-8700 CPU @ 3.20GHz, 12 cores, 15G,  Windows 11 , 64 bit Build 22621 (10.0.22621.2506)
Time: Sat Dec 30 16:39:31 2023  Windows 11 , 64 bit Build 22621 (10.0.22621.2506) elapsed time: 2.224525 seconds (0d 0h 0m 2s)

---------------  T H R E A D  ---------------

Current thread (0x000002acfeee1020):  JavaThread "C2 CompilerThread0" daemon [_thread_in_native, id=18688, stack(0x000000f7f1100000,0x000000f7f1200000)]


Current CompileTask:
C2:   2224 2002   !   4       java.security.AccessController::doPrivileged (26 bytes)

Stack: [0x000000f7f1100000,0x000000f7f1200000]
Native frames: (J=compiled Java code, j=interpreted, Vv=VM code, C=native code)
V  [jvm.dll+0x676a4a]
V  [jvm.dll+0x7d74f4]
V  [jvm.dll+0x7d8c9e]
V  [jvm.dll+0x7d9303]
V  [jvm.dll+0x2452c5]
V  [jvm.dll+0xaaa2b]
V  [jvm.dll+0xaafcc]
V  [jvm.dll+0x36141e]
V  [jvm.dll+0x1bb36a]
V  [jvm.dll+0x217c27]
V  [jvm.dll+0x216f01]
V  [jvm.dll+0x1a35e0]
V  [jvm.dll+0x226a6e]
V  [jvm.dll+0x224e15]
V  [jvm.dll+0x78d05c]
V  [jvm.dll+0x78759a]
V  [jvm.dll+0x675875]
C  [ucrtbase.dll+0x29363]
C  [KERNEL32.DLL+0x1257d]
C  [ntdll.dll+0x5aa58]


---------------  P R O C E S S  ---------------

Threads class SMR info:
_java_thread_list=0x000002ac846b4020, length=30, elements={
0x000002ace61ae0a0, 0x000002acfeebf1f0, 0x000002acfeebfda0, 0x000002acfeedba60,
0x000002acfeedc610, 0x000002acfeedf4d0, 0x000002acfeedfe80, 0x000002acfeee1020,
0x000002acfeee1ac0, 0x000002acfeeea4c0, 0x000002acff90bee0, 0x000002acff90e120,
0x000002acff922e70, 0x000002acff923550, 0x000002acff92a350, 0x000002acff99e550,
0x000002ac82087e60, 0x000002ac83d7e5e0, 0x000002ac839a53b0, 0x000002ac844bff20,
0x000002ac83300150, 0x000002ac83e163a0, 0x000002ac82c7df40, 0x000002ac82ca2bb0,
0x000002ac83733e30, 0x000002ac84164670, 0x000002ac841641a0, 0x000002ac84165010,
0x000002ac84163800, 0x000002ac84163cd0
}

Java Threads: ( => current thread )
  0x000002ace61ae0a0 JavaThread "main" [_thread_blocked, id=16132, stack(0x000000f7f0400000,0x000000f7f0500000)]
  0x000002acfeebf1f0 JavaThread "Reference Handler" daemon [_thread_blocked, id=18316, stack(0x000000f7f0b00000,0x000000f7f0c00000)]
  0x000002acfeebfda0 JavaThread "Finalizer" daemon [_thread_blocked, id=19028, stack(0x000000f7f0c00000,0x000000f7f0d00000)]
  0x000002acfeedba60 JavaThread "Signal Dispatcher" daemon [_thread_blocked, id=15516, stack(0x000000f7f0d00000,0x000000f7f0e00000)]
  0x000002acfeedc610 JavaThread "Attach Listener" daemon [_thread_blocked, id=2552, stack(0x000000f7f0e00000,0x000000f7f0f00000)]
  0x000002acfeedf4d0 JavaThread "Service Thread" daemon [_thread_blocked, id=4188, stack(0x000000f7f0f00000,0x000000f7f1000000)]
  0x000002acfeedfe80 JavaThread "Monitor Deflation Thread" daemon [_thread_blocked, id=20408, stack(0x000000f7f1000000,0x000000f7f1100000)]
=>0x000002acfeee1020 JavaThread "C2 CompilerThread0" daemon [_thread_in_native, id=18688, stack(0x000000f7f1100000,0x000000f7f1200000)]
  0x000002acfeee1ac0 JavaThread "C1 CompilerThread0" daemon [_thread_in_native, id=16148, stack(0x000000f7f1200000,0x000000f7f1300000)]
  0x000002acfeeea4c0 JavaThread "Sweeper thread" daemon [_thread_blocked, id=15268, stack(0x000000f7f1300000,0x000000f7f1400000)]
  0x000002acff90bee0 JavaThread "Common-Cleaner" daemon [_thread_blocked, id=2016, stack(0x000000f7f1400000,0x000000f7f1500000)]
  0x000002acff90e120 JavaThread "JDWP Transport Listener: dt_socket" daemon [_thread_blocked, id=17188, stack(0x000000f7f1500000,0x000000f7f1600000)]
  0x000002acff922e70 JavaThread "JDWP Event Helper Thread" daemon [_thread_blocked, id=18044, stack(0x000000f7f1600000,0x000000f7f1700000)]
  0x000002acff923550 JavaThread "JDWP Command Reader" daemon [_thread_in_native, id=19488, stack(0x000000f7f1700000,0x000000f7f1800000)]
  0x000002acff92a350 JavaThread "Notification Thread" daemon [_thread_blocked, id=13720, stack(0x000000f7f1800000,0x000000f7f1900000)]
  0x000002acff99e550 JavaThread "C2 CompilerThread1" daemon [_thread_in_native, id=2804, stack(0x000000f7f1a00000,0x000000f7f1b00000)]
  0x000002ac82087e60 JavaThread "C2 CompilerThread2" daemon [_thread_in_native, id=5056, stack(0x000000f7f1b00000,0x000000f7f1c00000)]
  0x000002ac83d7e5e0 JavaThread "Daemon health stats" [_thread_blocked, id=20184, stack(0x000000f7f2500000,0x000000f7f2600000)]
  0x000002ac839a53b0 JavaThread "Incoming local TCP Connector on port 58140" [_thread_in_native, id=14264, stack(0x000000f7f2600000,0x000000f7f2700000)]
  0x000002ac844bff20 JavaThread "Daemon periodic checks" [_thread_blocked, id=6668, stack(0x000000f7f2700000,0x000000f7f2800000)]
  0x000002ac83300150 JavaThread "Daemon" [_thread_blocked, id=19168, stack(0x000000f7f2800000,0x000000f7f2900000)]
  0x000002ac83e163a0 JavaThread "Handler for socket connection from /127.0.0.1:58140 to /127.0.0.1:58141" [_thread_in_native, id=15676, stack(0x000000f7f2900000,0x000000f7f2a00000)]
  0x000002ac82c7df40 JavaThread "Cancel handler" [_thread_blocked, id=11192, stack(0x000000f7f2a00000,0x000000f7f2b00000)]
  0x000002ac82ca2bb0 JavaThread "Daemon worker" [_thread_in_Java, id=14756, stack(0x000000f7f2b00000,0x000000f7f2c00000)]
  0x000002ac83733e30 JavaThread "Asynchronous log dispatcher for DefaultDaemonConnection: socket connection from /127.0.0.1:58140 to /127.0.0.1:58141" [_thread_blocked, id=15424, stack(0x000000f7f2c00000,0x000000f7f2d00000)]
  0x000002ac84164670 JavaThread "Stdin handler" [_thread_blocked, id=3268, stack(0x000000f7f2d00000,0x000000f7f2e00000)]
  0x000002ac841641a0 JavaThread "Daemon client event forwarder" [_thread_blocked, id=6320, stack(0x000000f7f2e00000,0x000000f7f2f00000)]
  0x000002ac84165010 JavaThread "Cache worker for journal cache (C:\Users\kazum\.gradle\caches\journal-1)" [_thread_blocked, id=7700, stack(0x000000f7f2f00000,0x000000f7f3000000)]
  0x000002ac84163800 JavaThread "File lock request listener" [_thread_in_native, id=15248, stack(0x000000f7f3000000,0x000000f7f3100000)]
  0x000002ac84163cd0 JavaThread "Cache worker for file hash cache (C:\Users\kazum\.gradle\caches\7.3.3\fileHashes)" [_thread_blocked, id=10800, stack(0x000000f7f3100000,0x000000f7f3200000)]

Other Threads:
  0x000002acfeeba750 VMThread "VM Thread" [stack: 0x000000f7f0a00000,0x000000f7f0b00000] [id=9624]
  0x000002acff92a820 WatcherThread [stack: 0x000000f7f1900000,0x000000f7f1a00000] [id=15612]
  0x000002ace61de790 GCTaskThread "GC Thread#0" [stack: 0x000000f7f0500000,0x000000f7f0600000] [id=17448]
  0x000002ac82792090 GCTaskThread "GC Thread#1" [stack: 0x000000f7f1c00000,0x000000f7f1d00000] [id=16936]
  0x000002ac8299e770 GCTaskThread "GC Thread#2" [stack: 0x000000f7f1d00000,0x000000f7f1e00000] [id=12032]
  0x000002ac8299ea20 GCTaskThread "GC Thread#3" [stack: 0x000000f7f1e00000,0x000000f7f1f00000] [id=15040]
  0x000002ac82c0db20 GCTaskThread "GC Thread#4" [stack: 0x000000f7f1f00000,0x000000f7f2000000] [id=17752]
  0x000002ac82c0ddd0 GCTaskThread "GC Thread#5" [stack: 0x000000f7f2000000,0x000000f7f2100000] [id=2116]
  0x000002ac82895780 GCTaskThread "GC Thread#6" [stack: 0x000000f7f2100000,0x000000f7f2200000] [id=14064]
  0x000002ac82cc0f30 GCTaskThread "GC Thread#7" [stack: 0x000000f7f2200000,0x000000f7f2300000] [id=19936]
  0x000002ac82f968b0 GCTaskThread "GC Thread#8" [stack: 0x000000f7f2300000,0x000000f7f2400000] [id=15664]
  0x000002acffad6f00 GCTaskThread "GC Thread#9" [stack: 0x000000f7f2400000,0x000000f7f2500000] [id=13728]
  0x000002ace61e3570 ConcurrentGCThread "G1 Main Marker" [stack: 0x000000f7f0600000,0x000000f7f0700000] [id=11848]
  0x000002ace61e3e20 ConcurrentGCThread "G1 Conc#0" [stack: 0x000000f7f0700000,0x000000f7f0800000] [id=11880]
  0x000002ace627d6d0 ConcurrentGCThread "G1 Refine#0" [stack: 0x000000f7f0800000,0x000000f7f0900000] [id=4376]
  0x000002ace627df90 ConcurrentGCThread "G1 Service" [stack: 0x000000f7f0900000,0x000000f7f0a00000] [id=6000]

Threads with active compile tasks:
C2 CompilerThread0     2263 2002   !   4       java.security.AccessController::doPrivileged (26 bytes)
C1 CompilerThread0     2263 2095       3       java.lang.reflect.Constructor::newInstanceWithCaller (75 bytes)
C2 CompilerThread1     2263 2025   !   4       java.net.URLClassLoader::findClass (47 bytes)
C2 CompilerThread2     2263 1966   !   4       java.lang.ClassLoader::loadClass (121 bytes)

VM state: not at safepoint (normal execution)

VM Mutex/Monitor currently owned by a thread: None

Heap address: 0x00000000e0000000, size: 512 MB, Compressed Oops mode: 32-bit

CDS archive(s) mapped at: [0x0000000800000000-0x0000000800bd0000-0x0000000800bd0000), size 12386304, SharedBaseAddress: 0x0000000800000000, ArchiveRelocationMode: 0.
Compressed class space mapped at: 0x0000000800c00000-0x000000080dc00000, reserved size: 218103808
Narrow klass base: 0x0000000800000000, Narrow klass shift: 0, Narrow klass range: 0x100000000

GC Precious Log:
 CPUs: 12 total, 12 available
 Memory: 16303M
 Large Page Support: Disabled
 NUMA Support: Disabled
 Compressed Oops: Enabled (32-bit)
 Heap Region Size: 1M
 Heap Min Capacity: 256M
 Heap Initial Capacity: 256M
 Heap Max Capacity: 512M
 Pre-touch: Disabled
 Parallel Workers: 10
 Concurrent Workers: 3
 Concurrent Refinement Workers: 10
 Periodic GC: Disabled

Heap:
 garbage-first heap   total 262144K, used 74231K [0x00000000e0000000, 0x0000000100000000)
  region size 1024K, 64 young (65536K), 4 survivors (4096K)
 Metaspace       used 15565K, committed 15808K, reserved 229376K
  class space    used 2236K, committed 2368K, reserved 212992K

Heap Regions: E=young(eden), S=young(survivor), O=old, HS=humongous(starts), HC=humongous(continues), CS=collection set, F=free, OA=open archive, CA=closed archive, TAMS=top-at-mark-start (previous, next)
|   0|0x00000000e0000000, 0x00000000e0000000, 0x00000000e0100000|  0%| F|  |TAMS 0x00000000e0000000, 0x00000000e0000000| Untracked 
|   1|0x00000000e0100000, 0x00000000e0200000, 0x00000000e0200000|100%| O|  |TAMS 0x00000000e0100000, 0x00000000e0100000| Untracked 
|   2|0x00000000e0200000, 0x00000000e0300000, 0x00000000e0300000|100%| O|  |TAMS 0x00000000e0200000, 0x00000000e0200000| Untracked 
|   3|0x00000000e0300000, 0x00000000e0400000, 0x00000000e0400000|100%|HS|  |TAMS 0x00000000e0300000, 0x00000000e0300000| Complete 
|   4|0x00000000e0400000, 0x00000000e0500000, 0x00000000e0500000|100%|HC|  |TAMS 0x00000000e0400000, 0x00000000e0400000| Complete 
|   5|0x00000000e0500000, 0x00000000e0600000, 0x00000000e0600000|100%|HC|  |TAMS 0x00000000e0500000, 0x00000000e0500000| Complete 
|   6|0x00000000e0600000, 0x00000000e0700000, 0x00000000e0700000|100%| O|  |TAMS 0x00000000e0600000, 0x00000000e0600000| Untracked 
|   7|0x00000000e0700000, 0x00000000e0800000, 0x00000000e0800000|100%| O|  |TAMS 0x00000000e0700000, 0x00000000e0700000| Untracked 
|   8|0x00000000e0800000, 0x00000000e0900000, 0x00000000e0900000|100%| O|  |TAMS 0x00000000e0800000, 0x00000000e0800000| Untracked 
|   9|0x00000000e0900000, 0x00000000e0a00000, 0x00000000e0a00000|100%| O|  |TAMS 0x00000000e0900000, 0x00000000e0900000| Untracked 
|  10|0x00000000e0a00000, 0x00000000e0a7de00, 0x00000000e0b00000| 49%| O|  |TAMS 0x00000000e0a00000, 0x00000000e0a00000| Untracked 
|  11|0x00000000e0b00000, 0x00000000e0b00000, 0x00000000e0c00000|  0%| F|  |TAMS 0x00000000e0b00000, 0x00000000e0b00000| Untracked 
|  12|0x00000000e0c00000, 0x00000000e0c00000, 0x00000000e0d00000|  0%| F|  |TAMS 0x00000000e0c00000, 0x00000000e0c00000| Untracked 
|  13|0x00000000e0d00000, 0x00000000e0d00000, 0x00000000e0e00000|  0%| F|  |TAMS 0x00000000e0d00000, 0x00000000e0d00000| Untracked 
|  14|0x00000000e0e00000, 0x00000000e0e00000, 0x00000000e0f00000|  0%| F|  |TAMS 0x00000000e0e00000, 0x00000000e0e00000| Untracked 
|  15|0x00000000e0f00000, 0x00000000e0f00000, 0x00000000e1000000|  0%| F|  |TAMS 0x00000000e0f00000, 0x00000000e0f00000| Untracked 
|  16|0x00000000e1000000, 0x00000000e1000000, 0x00000000e1100000|  0%| F|  |TAMS 0x00000000e1000000, 0x00000000e1000000| Untracked 
|  17|0x00000000e1100000, 0x00000000e1100000, 0x00000000e1200000|  0%| F|  |TAMS 0x00000000e1100000, 0x00000000e1100000| Untracked 
|  18|0x00000000e1200000, 0x00000000e1200000, 0x00000000e1300000|  0%| F|  |TAMS 0x00000000e1200000, 0x00000000e1200000| Untracked 
|  19|0x00000000e1300000, 0x00000000e1300000, 0x00000000e1400000|  0%| F|  |TAMS 0x00000000e1300000, 0x00000000e1300000| Untracked 
|  20|0x00000000e1400000, 0x00000000e1400000, 0x00000000e1500000|  0%| F|  |TAMS 0x00000000e1400000, 0x00000000e1400000| Untracked 
|  21|0x00000000e1500000, 0x00000000e1500000, 0x00000000e1600000|  0%| F|  |TAMS 0x00000000e1500000, 0x00000000e1500000| Untracked 
|  22|0x00000000e1600000, 0x00000000e1600000, 0x00000000e1700000|  0%| F|  |TAMS 0x00000000e1600000, 0x00000000e1600000| Untracked 
|  23|0x00000000e1700000, 0x00000000e1700000, 0x00000000e1800000|  0%| F|  |TAMS 0x00000000e1700000, 0x00000000e1700000| Untracked 
|  24|0x00000000e1800000, 0x00000000e1800000, 0x00000000e1900000|  0%| F|  |TAMS 0x00000000e1800000, 0x00000000e1800000| Untracked 
|  25|0x00000000e1900000, 0x00000000e1900000, 0x00000000e1a00000|  0%| F|  |TAMS 0x00000000e1900000, 0x00000000e1900000| Untracked 
|  26|0x00000000e1a00000, 0x00000000e1a00000, 0x00000000e1b00000|  0%| F|  |TAMS 0x00000000e1a00000, 0x00000000e1a00000| Untracked 
|  27|0x00000000e1b00000, 0x00000000e1b00000, 0x00000000e1c00000|  0%| F|  |TAMS 0x00000000e1b00000, 0x00000000e1b00000| Untracked 
|  28|0x00000000e1c00000, 0x00000000e1c00000, 0x00000000e1d00000|  0%| F|  |TAMS 0x00000000e1c00000, 0x00000000e1c00000| Untracked 
|  29|0x00000000e1d00000, 0x00000000e1d00000, 0x00000000e1e00000|  0%| F|  |TAMS 0x00000000e1d00000, 0x00000000e1d00000| Untracked 
|  30|0x00000000e1e00000, 0x00000000e1e00000, 0x00000000e1f00000|  0%| F|  |TAMS 0x00000000e1e00000, 0x00000000e1e00000| Untracked 
|  31|0x00000000e1f00000, 0x00000000e1f00000, 0x00000000e2000000|  0%| F|  |TAMS 0x00000000e1f00000, 0x00000000e1f00000| Untracked 
|  32|0x00000000e2000000, 0x00000000e2000000, 0x00000000e2100000|  0%| F|  |TAMS 0x00000000e2000000, 0x00000000e2000000| Untracked 
|  33|0x00000000e2100000, 0x00000000e2100000, 0x00000000e2200000|  0%| F|  |TAMS 0x00000000e2100000, 0x00000000e2100000| Untracked 
|  34|0x00000000e2200000, 0x00000000e2200000, 0x00000000e2300000|  0%| F|  |TAMS 0x00000000e2200000, 0x00000000e2200000| Untracked 
|  35|0x00000000e2300000, 0x00000000e2300000, 0x00000000e2400000|  0%| F|  |TAMS 0x00000000e2300000, 0x00000000e2300000| Untracked 
|  36|0x00000000e2400000, 0x00000000e2400000, 0x00000000e2500000|  0%| F|  |TAMS 0x00000000e2400000, 0x00000000e2400000| Untracked 
|  37|0x00000000e2500000, 0x00000000e2500000, 0x00000000e2600000|  0%| F|  |TAMS 0x00000000e2500000, 0x00000000e2500000| Untracked 
|  38|0x00000000e2600000, 0x00000000e2600000, 0x00000000e2700000|  0%| F|  |TAMS 0x00000000e2600000, 0x00000000e2600000| Untracked 
|  39|0x00000000e2700000, 0x00000000e2700000, 0x00000000e2800000|  0%| F|  |TAMS 0x00000000e2700000, 0x00000000e2700000| Untracked 
|  40|0x00000000e2800000, 0x00000000e2800000, 0x00000000e2900000|  0%| F|  |TAMS 0x00000000e2800000, 0x00000000e2800000| Untracked 
|  41|0x00000000e2900000, 0x00000000e2900000, 0x00000000e2a00000|  0%| F|  |TAMS 0x00000000e2900000, 0x00000000e2900000| Untracked 
|  42|0x00000000e2a00000, 0x00000000e2a00000, 0x00000000e2b00000|  0%| F|  |TAMS 0x00000000e2a00000, 0x00000000e2a00000| Untracked 
|  43|0x00000000e2b00000, 0x00000000e2b00000, 0x00000000e2c00000|  0%| F|  |TAMS 0x00000000e2b00000, 0x00000000e2b00000| Untracked 
|  44|0x00000000e2c00000, 0x00000000e2c00000, 0x00000000e2d00000|  0%| F|  |TAMS 0x00000000e2c00000, 0x00000000e2c00000| Untracked 
|  45|0x00000000e2d00000, 0x00000000e2d00000, 0x00000000e2e00000|  0%| F|  |TAMS 0x00000000e2d00000, 0x00000000e2d00000| Untracked 
|  46|0x00000000e2e00000, 0x00000000e2e00000, 0x00000000e2f00000|  0%| F|  |TAMS 0x00000000e2e00000, 0x00000000e2e00000| Untracked 
|  47|0x00000000e2f00000, 0x00000000e2f00000, 0x00000000e3000000|  0%| F|  |TAMS 0x00000000e2f00000, 0x00000000e2f00000| Untracked 
|  48|0x00000000e3000000, 0x00000000e3000000, 0x00000000e3100000|  0%| F|  |TAMS 0x00000000e3000000, 0x00000000e3000000| Untracked 
|  49|0x00000000e3100000, 0x00000000e3100000, 0x00000000e3200000|  0%| F|  |TAMS 0x00000000e3100000, 0x00000000e3100000| Untracked 
|  50|0x00000000e3200000, 0x00000000e3200000, 0x00000000e3300000|  0%| F|  |TAMS 0x00000000e3200000, 0x00000000e3200000| Untracked 
|  51|0x00000000e3300000, 0x00000000e3300000, 0x00000000e3400000|  0%| F|  |TAMS 0x00000000e3300000, 0x00000000e3300000| Untracked 
|  52|0x00000000e3400000, 0x00000000e3400000, 0x00000000e3500000|  0%| F|  |TAMS 0x00000000e3400000, 0x00000000e3400000| Untracked 
|  53|0x00000000e3500000, 0x00000000e3500000, 0x00000000e3600000|  0%| F|  |TAMS 0x00000000e3500000, 0x00000000e3500000| Untracked 
|  54|0x00000000e3600000, 0x00000000e3600000, 0x00000000e3700000|  0%| F|  |TAMS 0x00000000e3600000, 0x00000000e3600000| Untracked 
|  55|0x00000000e3700000, 0x00000000e3700000, 0x00000000e3800000|  0%| F|  |TAMS 0x00000000e3700000, 0x00000000e3700000| Untracked 
|  56|0x00000000e3800000, 0x00000000e3800000, 0x00000000e3900000|  0%| F|  |TAMS 0x00000000e3800000, 0x00000000e3800000| Untracked 
|  57|0x00000000e3900000, 0x00000000e3900000, 0x00000000e3a00000|  0%| F|  |TAMS 0x00000000e3900000, 0x00000000e3900000| Untracked 
|  58|0x00000000e3a00000, 0x00000000e3a00000, 0x00000000e3b00000|  0%| F|  |TAMS 0x00000000e3a00000, 0x00000000e3a00000| Untracked 
|  59|0x00000000e3b00000, 0x00000000e3b00000, 0x00000000e3c00000|  0%| F|  |TAMS 0x00000000e3b00000, 0x00000000e3b00000| Untracked 
|  60|0x00000000e3c00000, 0x00000000e3c00000, 0x00000000e3d00000|  0%| F|  |TAMS 0x00000000e3c00000, 0x00000000e3c00000| Untracked 
|  61|0x00000000e3d00000, 0x00000000e3d00000, 0x00000000e3e00000|  0%| F|  |TAMS 0x00000000e3d00000, 0x00000000e3d00000| Untracked 
|  62|0x00000000e3e00000, 0x00000000e3e00000, 0x00000000e3f00000|  0%| F|  |TAMS 0x00000000e3e00000, 0x00000000e3e00000| Untracked 
|  63|0x00000000e3f00000, 0x00000000e3f00000, 0x00000000e4000000|  0%| F|  |TAMS 0x00000000e3f00000, 0x00000000e3f00000| Untracked 
|  64|0x00000000e4000000, 0x00000000e4000000, 0x00000000e4100000|  0%| F|  |TAMS 0x00000000e4000000, 0x00000000e4000000| Untracked 
|  65|0x00000000e4100000, 0x00000000e4100000, 0x00000000e4200000|  0%| F|  |TAMS 0x00000000e4100000, 0x00000000e4100000| Untracked 
|  66|0x00000000e4200000, 0x00000000e4200000, 0x00000000e4300000|  0%| F|  |TAMS 0x00000000e4200000, 0x00000000e4200000| Untracked 
|  67|0x00000000e4300000, 0x00000000e4300000, 0x00000000e4400000|  0%| F|  |TAMS 0x00000000e4300000, 0x00000000e4300000| Untracked 
|  68|0x00000000e4400000, 0x00000000e4400000, 0x00000000e4500000|  0%| F|  |TAMS 0x00000000e4400000, 0x00000000e4400000| Untracked 
|  69|0x00000000e4500000, 0x00000000e4500000, 0x00000000e4600000|  0%| F|  |TAMS 0x00000000e4500000, 0x00000000e4500000| Untracked 
|  70|0x00000000e4600000, 0x00000000e4600000, 0x00000000e4700000|  0%| F|  |TAMS 0x00000000e4600000, 0x00000000e4600000| Untracked 
|  71|0x00000000e4700000, 0x00000000e4700000, 0x00000000e4800000|  0%| F|  |TAMS 0x00000000e4700000, 0x00000000e4700000| Untracked 
|  72|0x00000000e4800000, 0x00000000e4800000, 0x00000000e4900000|  0%| F|  |TAMS 0x00000000e4800000, 0x00000000e4800000| Untracked 
|  73|0x00000000e4900000, 0x00000000e4900000, 0x00000000e4a00000|  0%| F|  |TAMS 0x00000000e4900000, 0x00000000e4900000| Untracked 
|  74|0x00000000e4a00000, 0x00000000e4a00000, 0x00000000e4b00000|  0%| F|  |TAMS 0x00000000e4a00000, 0x00000000e4a00000| Untracked 
|  75|0x00000000e4b00000, 0x00000000e4b00000, 0x00000000e4c00000|  0%| F|  |TAMS 0x00000000e4b00000, 0x00000000e4b00000| Untracked 
|  76|0x00000000e4c00000, 0x00000000e4c00000, 0x00000000e4d00000|  0%| F|  |TAMS 0x00000000e4c00000, 0x00000000e4c00000| Untracked 
|  77|0x00000000e4d00000, 0x00000000e4d00000, 0x00000000e4e00000|  0%| F|  |TAMS 0x00000000e4d00000, 0x00000000e4d00000| Untracked 
|  78|0x00000000e4e00000, 0x00000000e4e00000, 0x00000000e4f00000|  0%| F|  |TAMS 0x00000000e4e00000, 0x00000000e4e00000| Untracked 
|  79|0x00000000e4f00000, 0x00000000e4f00000, 0x00000000e5000000|  0%| F|  |TAMS 0x00000000e4f00000, 0x00000000e4f00000| Untracked 
|  80|0x00000000e5000000, 0x00000000e5000000, 0x00000000e5100000|  0%| F|  |TAMS 0x00000000e5000000, 0x00000000e5000000| Untracked 
|  81|0x00000000e5100000, 0x00000000e5100000, 0x00000000e5200000|  0%| F|  |TAMS 0x00000000e5100000, 0x00000000e5100000| Untracked 
|  82|0x00000000e5200000, 0x00000000e5200000, 0x00000000e5300000|  0%| F|  |TAMS 0x00000000e5200000, 0x00000000e5200000| Untracked 
|  83|0x00000000e5300000, 0x00000000e5300000, 0x00000000e5400000|  0%| F|  |TAMS 0x00000000e5300000, 0x00000000e5300000| Untracked 
|  84|0x00000000e5400000, 0x00000000e5400000, 0x00000000e5500000|  0%| F|  |TAMS 0x00000000e5400000, 0x00000000e5400000| Untracked 
|  85|0x00000000e5500000, 0x00000000e5500000, 0x00000000e5600000|  0%| F|  |TAMS 0x00000000e5500000, 0x00000000e5500000| Untracked 
|  86|0x00000000e5600000, 0x00000000e5600000, 0x00000000e5700000|  0%| F|  |TAMS 0x00000000e5600000, 0x00000000e5600000| Untracked 
|  87|0x00000000e5700000, 0x00000000e5700000, 0x00000000e5800000|  0%| F|  |TAMS 0x00000000e5700000, 0x00000000e5700000| Untracked 
|  88|0x00000000e5800000, 0x00000000e5800000, 0x00000000e5900000|  0%| F|  |TAMS 0x00000000e5800000, 0x00000000e5800000| Untracked 
|  89|0x00000000e5900000, 0x00000000e5900000, 0x00000000e5a00000|  0%| F|  |TAMS 0x00000000e5900000, 0x00000000e5900000| Untracked 
|  90|0x00000000e5a00000, 0x00000000e5a00000, 0x00000000e5b00000|  0%| F|  |TAMS 0x00000000e5a00000, 0x00000000e5a00000| Untracked 
|  91|0x00000000e5b00000, 0x00000000e5b00000, 0x00000000e5c00000|  0%| F|  |TAMS 0x00000000e5b00000, 0x00000000e5b00000| Untracked 
|  92|0x00000000e5c00000, 0x00000000e5c00000, 0x00000000e5d00000|  0%| F|  |TAMS 0x00000000e5c00000, 0x00000000e5c00000| Untracked 
|  93|0x00000000e5d00000, 0x00000000e5d00000, 0x00000000e5e00000|  0%| F|  |TAMS 0x00000000e5d00000, 0x00000000e5d00000| Untracked 
|  94|0x00000000e5e00000, 0x00000000e5e00000, 0x00000000e5f00000|  0%| F|  |TAMS 0x00000000e5e00000, 0x00000000e5e00000| Untracked 
|  95|0x00000000e5f00000, 0x00000000e5f00000, 0x00000000e6000000|  0%| F|  |TAMS 0x00000000e5f00000, 0x00000000e5f00000| Untracked 
|  96|0x00000000e6000000, 0x00000000e6000000, 0x00000000e6100000|  0%| F|  |TAMS 0x00000000e6000000, 0x00000000e6000000| Untracked 
|  97|0x00000000e6100000, 0x00000000e6100000, 0x00000000e6200000|  0%| F|  |TAMS 0x00000000e6100000, 0x00000000e6100000| Untracked 
|  98|0x00000000e6200000, 0x00000000e6200000, 0x00000000e6300000|  0%| F|  |TAMS 0x00000000e6200000, 0x00000000e6200000| Untracked 
|  99|0x00000000e6300000, 0x00000000e6300000, 0x00000000e6400000|  0%| F|  |TAMS 0x00000000e6300000, 0x00000000e6300000| Untracked 
| 100|0x00000000e6400000, 0x00000000e6400000, 0x00000000e6500000|  0%| F|  |TAMS 0x00000000e6400000, 0x00000000e6400000| Untracked 
| 101|0x00000000e6500000, 0x00000000e6500000, 0x00000000e6600000|  0%| F|  |TAMS 0x00000000e6500000, 0x00000000e6500000| Untracked 
| 102|0x00000000e6600000, 0x00000000e6600000, 0x00000000e6700000|  0%| F|  |TAMS 0x00000000e6600000, 0x00000000e6600000| Untracked 
| 103|0x00000000e6700000, 0x00000000e6700000, 0x00000000e6800000|  0%| F|  |TAMS 0x00000000e6700000, 0x00000000e6700000| Untracked 
| 104|0x00000000e6800000, 0x00000000e6800000, 0x00000000e6900000|  0%| F|  |TAMS 0x00000000e6800000, 0x00000000e6800000| Untracked 
| 105|0x00000000e6900000, 0x00000000e6900000, 0x00000000e6a00000|  0%| F|  |TAMS 0x00000000e6900000, 0x00000000e6900000| Untracked 
| 106|0x00000000e6a00000, 0x00000000e6a00000, 0x00000000e6b00000|  0%| F|  |TAMS 0x00000000e6a00000, 0x00000000e6a00000| Untracked 
| 107|0x00000000e6b00000, 0x00000000e6b00000, 0x00000000e6c00000|  0%| F|  |TAMS 0x00000000e6b00000, 0x00000000e6b00000| Untracked 
| 108|0x00000000e6c00000, 0x00000000e6c00000, 0x00000000e6d00000|  0%| F|  |TAMS 0x00000000e6c00000, 0x00000000e6c00000| Untracked 
| 109|0x00000000e6d00000, 0x00000000e6d00000, 0x00000000e6e00000|  0%| F|  |TAMS 0x00000000e6d00000, 0x00000000e6d00000| Untracked 
| 110|0x00000000e6e00000, 0x00000000e6e00000, 0x00000000e6f00000|  0%| F|  |TAMS 0x00000000e6e00000, 0x00000000e6e00000| Untracked 
| 111|0x00000000e6f00000, 0x00000000e6f00000, 0x00000000e7000000|  0%| F|  |TAMS 0x00000000e6f00000, 0x00000000e6f00000| Untracked 
| 112|0x00000000e7000000, 0x00000000e7000000, 0x00000000e7100000|  0%| F|  |TAMS 0x00000000e7000000, 0x00000000e7000000| Untracked 
| 113|0x00000000e7100000, 0x00000000e7100000, 0x00000000e7200000|  0%| F|  |TAMS 0x00000000e7100000, 0x00000000e7100000| Untracked 
| 114|0x00000000e7200000, 0x00000000e7200000, 0x00000000e7300000|  0%| F|  |TAMS 0x00000000e7200000, 0x00000000e7200000| Untracked 
| 115|0x00000000e7300000, 0x00000000e7300000, 0x00000000e7400000|  0%| F|  |TAMS 0x00000000e7300000, 0x00000000e7300000| Untracked 
| 116|0x00000000e7400000, 0x00000000e7400000, 0x00000000e7500000|  0%| F|  |TAMS 0x00000000e7400000, 0x00000000e7400000| Untracked 
| 117|0x00000000e7500000, 0x00000000e7500000, 0x00000000e7600000|  0%| F|  |TAMS 0x00000000e7500000, 0x00000000e7500000| Untracked 
| 118|0x00000000e7600000, 0x00000000e7600000, 0x00000000e7700000|  0%| F|  |TAMS 0x00000000e7600000, 0x00000000e7600000| Untracked 
| 119|0x00000000e7700000, 0x00000000e7700000, 0x00000000e7800000|  0%| F|  |TAMS 0x00000000e7700000, 0x00000000e7700000| Untracked 
| 120|0x00000000e7800000, 0x00000000e7800000, 0x00000000e7900000|  0%| F|  |TAMS 0x00000000e7800000, 0x00000000e7800000| Untracked 
| 121|0x00000000e7900000, 0x00000000e7900000, 0x00000000e7a00000|  0%| F|  |TAMS 0x00000000e7900000, 0x00000000e7900000| Untracked 
| 122|0x00000000e7a00000, 0x00000000e7a00000, 0x00000000e7b00000|  0%| F|  |TAMS 0x00000000e7a00000, 0x00000000e7a00000| Untracked 
| 123|0x00000000e7b00000, 0x00000000e7b00000, 0x00000000e7c00000|  0%| F|  |TAMS 0x00000000e7b00000, 0x00000000e7b00000| Untracked 
| 124|0x00000000e7c00000, 0x00000000e7c00000, 0x00000000e7d00000|  0%| F|  |TAMS 0x00000000e7c00000, 0x00000000e7c00000| Untracked 
| 125|0x00000000e7d00000, 0x00000000e7d00000, 0x00000000e7e00000|  0%| F|  |TAMS 0x00000000e7d00000, 0x00000000e7d00000| Untracked 
| 126|0x00000000e7e00000, 0x00000000e7e00000, 0x00000000e7f00000|  0%| F|  |TAMS 0x00000000e7e00000, 0x00000000e7e00000| Untracked 
| 127|0x00000000e7f00000, 0x00000000e7f00000, 0x00000000e8000000|  0%| F|  |TAMS 0x00000000e7f00000, 0x00000000e7f00000| Untracked 
| 128|0x00000000e8000000, 0x00000000e8000000, 0x00000000e8100000|  0%| F|  |TAMS 0x00000000e8000000, 0x00000000e8000000| Untracked 
| 129|0x00000000e8100000, 0x00000000e8100000, 0x00000000e8200000|  0%| F|  |TAMS 0x00000000e8100000, 0x00000000e8100000| Untracked 
| 130|0x00000000e8200000, 0x00000000e8200000, 0x00000000e8300000|  0%| F|  |TAMS 0x00000000e8200000, 0x00000000e8200000| Untracked 
| 131|0x00000000e8300000, 0x00000000e8300000, 0x00000000e8400000|  0%| F|  |TAMS 0x00000000e8300000, 0x00000000e8300000| Untracked 
| 132|0x00000000e8400000, 0x00000000e8400000, 0x00000000e8500000|  0%| F|  |TAMS 0x00000000e8400000, 0x00000000e8400000| Untracked 
| 133|0x00000000e8500000, 0x00000000e8500000, 0x00000000e8600000|  0%| F|  |TAMS 0x00000000e8500000, 0x00000000e8500000| Untracked 
| 134|0x00000000e8600000, 0x00000000e8600000, 0x00000000e8700000|  0%| F|  |TAMS 0x00000000e8600000, 0x00000000e8600000| Untracked 
| 135|0x00000000e8700000, 0x00000000e8700000, 0x00000000e8800000|  0%| F|  |TAMS 0x00000000e8700000, 0x00000000e8700000| Untracked 
| 136|0x00000000e8800000, 0x00000000e8800000, 0x00000000e8900000|  0%| F|  |TAMS 0x00000000e8800000, 0x00000000e8800000| Untracked 
| 137|0x00000000e8900000, 0x00000000e8900000, 0x00000000e8a00000|  0%| F|  |TAMS 0x00000000e8900000, 0x00000000e8900000| Untracked 
| 138|0x00000000e8a00000, 0x00000000e8a00000, 0x00000000e8b00000|  0%| F|  |TAMS 0x00000000e8a00000, 0x00000000e8a00000| Untracked 
| 139|0x00000000e8b00000, 0x00000000e8b00000, 0x00000000e8c00000|  0%| F|  |TAMS 0x00000000e8b00000, 0x00000000e8b00000| Untracked 
| 140|0x00000000e8c00000, 0x00000000e8c00000, 0x00000000e8d00000|  0%| F|  |TAMS 0x00000000e8c00000, 0x00000000e8c00000| Untracked 
| 141|0x00000000e8d00000, 0x00000000e8d00000, 0x00000000e8e00000|  0%| F|  |TAMS 0x00000000e8d00000, 0x00000000e8d00000| Untracked 
| 142|0x00000000e8e00000, 0x00000000e8e00000, 0x00000000e8f00000|  0%| F|  |TAMS 0x00000000e8e00000, 0x00000000e8e00000| Untracked 
| 143|0x00000000e8f00000, 0x00000000e8f00000, 0x00000000e9000000|  0%| F|  |TAMS 0x00000000e8f00000, 0x00000000e8f00000| Untracked 
| 144|0x00000000e9000000, 0x00000000e9000000, 0x00000000e9100000|  0%| F|  |TAMS 0x00000000e9000000, 0x00000000e9000000| Untracked 
| 145|0x00000000e9100000, 0x00000000e9100000, 0x00000000e9200000|  0%| F|  |TAMS 0x00000000e9100000, 0x00000000e9100000| Untracked 
| 146|0x00000000e9200000, 0x00000000e9200000, 0x00000000e9300000|  0%| F|  |TAMS 0x00000000e9200000, 0x00000000e9200000| Untracked 
| 147|0x00000000e9300000, 0x00000000e9300000, 0x00000000e9400000|  0%| F|  |TAMS 0x00000000e9300000, 0x00000000e9300000| Untracked 
| 148|0x00000000e9400000, 0x00000000e9400000, 0x00000000e9500000|  0%| F|  |TAMS 0x00000000e9400000, 0x00000000e9400000| Untracked 
| 149|0x00000000e9500000, 0x00000000e9500000, 0x00000000e9600000|  0%| F|  |TAMS 0x00000000e9500000, 0x00000000e9500000| Untracked 
| 150|0x00000000e9600000, 0x00000000e9600000, 0x00000000e9700000|  0%| F|  |TAMS 0x00000000e9600000, 0x00000000e9600000| Untracked 
| 151|0x00000000e9700000, 0x00000000e9700000, 0x00000000e9800000|  0%| F|  |TAMS 0x00000000e9700000, 0x00000000e9700000| Untracked 
| 152|0x00000000e9800000, 0x00000000e9800000, 0x00000000e9900000|  0%| F|  |TAMS 0x00000000e9800000, 0x00000000e9800000| Untracked 
| 153|0x00000000e9900000, 0x00000000e9900000, 0x00000000e9a00000|  0%| F|  |TAMS 0x00000000e9900000, 0x00000000e9900000| Untracked 
| 154|0x00000000e9a00000, 0x00000000e9a00000, 0x00000000e9b00000|  0%| F|  |TAMS 0x00000000e9a00000, 0x00000000e9a00000| Untracked 
| 155|0x00000000e9b00000, 0x00000000e9b00000, 0x00000000e9c00000|  0%| F|  |TAMS 0x00000000e9b00000, 0x00000000e9b00000| Untracked 
| 156|0x00000000e9c00000, 0x00000000e9c00000, 0x00000000e9d00000|  0%| F|  |TAMS 0x00000000e9c00000, 0x00000000e9c00000| Untracked 
| 157|0x00000000e9d00000, 0x00000000e9d00000, 0x00000000e9e00000|  0%| F|  |TAMS 0x00000000e9d00000, 0x00000000e9d00000| Untracked 
| 158|0x00000000e9e00000, 0x00000000e9e00000, 0x00000000e9f00000|  0%| F|  |TAMS 0x00000000e9e00000, 0x00000000e9e00000| Untracked 
| 159|0x00000000e9f00000, 0x00000000e9f00000, 0x00000000ea000000|  0%| F|  |TAMS 0x00000000e9f00000, 0x00000000e9f00000| Untracked 
| 160|0x00000000ea000000, 0x00000000ea000000, 0x00000000ea100000|  0%| F|  |TAMS 0x00000000ea000000, 0x00000000ea000000| Untracked 
| 161|0x00000000ea100000, 0x00000000ea100000, 0x00000000ea200000|  0%| F|  |TAMS 0x00000000ea100000, 0x00000000ea100000| Untracked 
| 162|0x00000000ea200000, 0x00000000ea200000, 0x00000000ea300000|  0%| F|  |TAMS 0x00000000ea200000, 0x00000000ea200000| Untracked 
| 163|0x00000000ea300000, 0x00000000ea300000, 0x00000000ea400000|  0%| F|  |TAMS 0x00000000ea300000, 0x00000000ea300000| Untracked 
| 164|0x00000000ea400000, 0x00000000ea400000, 0x00000000ea500000|  0%| F|  |TAMS 0x00000000ea400000, 0x00000000ea400000| Untracked 
| 165|0x00000000ea500000, 0x00000000ea500000, 0x00000000ea600000|  0%| F|  |TAMS 0x00000000ea500000, 0x00000000ea500000| Untracked 
| 166|0x00000000ea600000, 0x00000000ea600000, 0x00000000ea700000|  0%| F|  |TAMS 0x00000000ea600000, 0x00000000ea600000| Untracked 
| 167|0x00000000ea700000, 0x00000000ea700000, 0x00000000ea800000|  0%| F|  |TAMS 0x00000000ea700000, 0x00000000ea700000| Untracked 
| 168|0x00000000ea800000, 0x00000000ea800000, 0x00000000ea900000|  0%| F|  |TAMS 0x00000000ea800000, 0x00000000ea800000| Untracked 
| 169|0x00000000ea900000, 0x00000000ea900000, 0x00000000eaa00000|  0%| F|  |TAMS 0x00000000ea900000, 0x00000000ea900000| Untracked 
| 170|0x00000000eaa00000, 0x00000000eaa00000, 0x00000000eab00000|  0%| F|  |TAMS 0x00000000eaa00000, 0x00000000eaa00000| Untracked 
| 171|0x00000000eab00000, 0x00000000eab00000, 0x00000000eac00000|  0%| F|  |TAMS 0x00000000eab00000, 0x00000000eab00000| Untracked 
| 172|0x00000000eac00000, 0x00000000eac00000, 0x00000000ead00000|  0%| F|  |TAMS 0x00000000eac00000, 0x00000000eac00000| Untracked 
| 173|0x00000000ead00000, 0x00000000ead00000, 0x00000000eae00000|  0%| F|  |TAMS 0x00000000ead00000, 0x00000000ead00000| Untracked 
| 174|0x00000000eae00000, 0x00000000eae00000, 0x00000000eaf00000|  0%| F|  |TAMS 0x00000000eae00000, 0x00000000eae00000| Untracked 
| 175|0x00000000eaf00000, 0x00000000eaf00000, 0x00000000eb000000|  0%| F|  |TAMS 0x00000000eaf00000, 0x00000000eaf00000| Untracked 
| 176|0x00000000eb000000, 0x00000000eb000000, 0x00000000eb100000|  0%| F|  |TAMS 0x00000000eb000000, 0x00000000eb000000| Untracked 
| 177|0x00000000eb100000, 0x00000000eb100000, 0x00000000eb200000|  0%| F|  |TAMS 0x00000000eb100000, 0x00000000eb100000| Untracked 
| 178|0x00000000eb200000, 0x00000000eb200000, 0x00000000eb300000|  0%| F|  |TAMS 0x00000000eb200000, 0x00000000eb200000| Untracked 
| 179|0x00000000eb300000, 0x00000000eb300000, 0x00000000eb400000|  0%| F|  |TAMS 0x00000000eb300000, 0x00000000eb300000| Untracked 
| 180|0x00000000eb400000, 0x00000000eb400000, 0x00000000eb500000|  0%| F|  |TAMS 0x00000000eb400000, 0x00000000eb400000| Untracked 
| 181|0x00000000eb500000, 0x00000000eb500000, 0x00000000eb600000|  0%| F|  |TAMS 0x00000000eb500000, 0x00000000eb500000| Untracked 
| 182|0x00000000eb600000, 0x00000000eb600000, 0x00000000eb700000|  0%| F|  |TAMS 0x00000000eb600000, 0x00000000eb600000| Untracked 
| 183|0x00000000eb700000, 0x00000000eb700000, 0x00000000eb800000|  0%| F|  |TAMS 0x00000000eb700000, 0x00000000eb700000| Untracked 
| 184|0x00000000eb800000, 0x00000000eb800000, 0x00000000eb900000|  0%| F|  |TAMS 0x00000000eb800000, 0x00000000eb800000| Untracked 
| 185|0x00000000eb900000, 0x00000000eb900000, 0x00000000eba00000|  0%| F|  |TAMS 0x00000000eb900000, 0x00000000eb900000| Untracked 
| 186|0x00000000eba00000, 0x00000000eba00000, 0x00000000ebb00000|  0%| F|  |TAMS 0x00000000eba00000, 0x00000000eba00000| Untracked 
| 187|0x00000000ebb00000, 0x00000000ebb00000, 0x00000000ebc00000|  0%| F|  |TAMS 0x00000000ebb00000, 0x00000000ebb00000| Untracked 
| 188|0x00000000ebc00000, 0x00000000ebc00000, 0x00000000ebd00000|  0%| F|  |TAMS 0x00000000ebc00000, 0x00000000ebc00000| Untracked 
| 189|0x00000000ebd00000, 0x00000000ebd00000, 0x00000000ebe00000|  0%| F|  |TAMS 0x00000000ebd00000, 0x00000000ebd00000| Untracked 
| 190|0x00000000ebe00000, 0x00000000ebe00000, 0x00000000ebf00000|  0%| F|  |TAMS 0x00000000ebe00000, 0x00000000ebe00000| Untracked 
| 191|0x00000000ebf00000, 0x00000000ebf00000, 0x00000000ec000000|  0%| F|  |TAMS 0x00000000ebf00000, 0x00000000ebf00000| Untracked 
| 192|0x00000000ec000000, 0x00000000ec097c28, 0x00000000ec100000| 59%| E|  |TAMS 0x00000000ec000000, 0x00000000ec000000| Complete 
| 193|0x00000000ec100000, 0x00000000ec200000, 0x00000000ec200000|100%| E|CS|TAMS 0x00000000ec100000, 0x00000000ec100000| Complete 
| 194|0x00000000ec200000, 0x00000000ec300000, 0x00000000ec300000|100%| E|CS|TAMS 0x00000000ec200000, 0x00000000ec200000| Complete 
| 195|0x00000000ec300000, 0x00000000ec400000, 0x00000000ec400000|100%| E|CS|TAMS 0x00000000ec300000, 0x00000000ec300000| Complete 
| 196|0x00000000ec400000, 0x00000000ec500000, 0x00000000ec500000|100%| E|CS|TAMS 0x00000000ec400000, 0x00000000ec400000| Complete 
| 197|0x00000000ec500000, 0x00000000ec600000, 0x00000000ec600000|100%| E|CS|TAMS 0x00000000ec500000, 0x00000000ec500000| Complete 
| 198|0x00000000ec600000, 0x00000000ec700000, 0x00000000ec700000|100%| E|CS|TAMS 0x00000000ec600000, 0x00000000ec600000| Complete 
| 199|0x00000000ec700000, 0x00000000ec800000, 0x00000000ec800000|100%| E|CS|TAMS 0x00000000ec700000, 0x00000000ec700000| Complete 
| 200|0x00000000ec800000, 0x00000000ec900000, 0x00000000ec900000|100%| E|CS|TAMS 0x00000000ec800000, 0x00000000ec800000| Complete 
| 201|0x00000000ec900000, 0x00000000eca00000, 0x00000000eca00000|100%| E|CS|TAMS 0x00000000ec900000, 0x00000000ec900000| Complete 
| 202|0x00000000eca00000, 0x00000000ecb00000, 0x00000000ecb00000|100%| E|CS|TAMS 0x00000000eca00000, 0x00000000eca00000| Complete 
| 203|0x00000000ecb00000, 0x00000000ecc00000, 0x00000000ecc00000|100%| E|CS|TAMS 0x00000000ecb00000, 0x00000000ecb00000| Complete 
| 204|0x00000000ecc00000, 0x00000000ecd00000, 0x00000000ecd00000|100%| E|CS|TAMS 0x00000000ecc00000, 0x00000000ecc00000| Complete 
| 205|0x00000000ecd00000, 0x00000000ece00000, 0x00000000ece00000|100%| E|CS|TAMS 0x00000000ecd00000, 0x00000000ecd00000| Complete 
| 206|0x00000000ece00000, 0x00000000ecf00000, 0x00000000ecf00000|100%| E|CS|TAMS 0x00000000ece00000, 0x00000000ece00000| Complete 
| 207|0x00000000ecf00000, 0x00000000ed000000, 0x00000000ed000000|100%| E|CS|TAMS 0x00000000ecf00000, 0x00000000ecf00000| Complete 
| 208|0x00000000ed000000, 0x00000000ed100000, 0x00000000ed100000|100%| E|CS|TAMS 0x00000000ed000000, 0x00000000ed000000| Complete 
| 209|0x00000000ed100000, 0x00000000ed200000, 0x00000000ed200000|100%| E|CS|TAMS 0x00000000ed100000, 0x00000000ed100000| Complete 
| 210|0x00000000ed200000, 0x00000000ed300000, 0x00000000ed300000|100%| E|CS|TAMS 0x00000000ed200000, 0x00000000ed200000| Complete 
| 211|0x00000000ed300000, 0x00000000ed400000, 0x00000000ed400000|100%| E|CS|TAMS 0x00000000ed300000, 0x00000000ed300000| Complete 
| 212|0x00000000ed400000, 0x00000000ed500000, 0x00000000ed500000|100%| E|CS|TAMS 0x00000000ed400000, 0x00000000ed400000| Complete 
| 213|0x00000000ed500000, 0x00000000ed600000, 0x00000000ed600000|100%| E|CS|TAMS 0x00000000ed500000, 0x00000000ed500000| Complete 
| 214|0x00000000ed600000, 0x00000000ed700000, 0x00000000ed700000|100%| E|CS|TAMS 0x00000000ed600000, 0x00000000ed600000| Complete 
| 215|0x00000000ed700000, 0x00000000ed800000, 0x00000000ed800000|100%| E|CS|TAMS 0x00000000ed700000, 0x00000000ed700000| Complete 
| 216|0x00000000ed800000, 0x00000000ed900000, 0x00000000ed900000|100%| E|CS|TAMS 0x00000000ed800000, 0x00000000ed800000| Complete 
| 217|0x00000000ed900000, 0x00000000eda00000, 0x00000000eda00000|100%| E|CS|TAMS 0x00000000ed900000, 0x00000000ed900000| Complete 
| 218|0x00000000eda00000, 0x00000000edb00000, 0x00000000edb00000|100%| E|CS|TAMS 0x00000000eda00000, 0x00000000eda00000| Complete 
| 219|0x00000000edb00000, 0x00000000edc00000, 0x00000000edc00000|100%| E|CS|TAMS 0x00000000edb00000, 0x00000000edb00000| Complete 
| 220|0x00000000edc00000, 0x00000000edd00000, 0x00000000edd00000|100%| E|CS|TAMS 0x00000000edc00000, 0x00000000edc00000| Complete 
| 221|0x00000000edd00000, 0x00000000ede00000, 0x00000000ede00000|100%| E|CS|TAMS 0x00000000edd00000, 0x00000000edd00000| Complete 
| 222|0x00000000ede00000, 0x00000000edf00000, 0x00000000edf00000|100%| S|CS|TAMS 0x00000000ede00000, 0x00000000ede00000| Complete 
| 223|0x00000000edf00000, 0x00000000ee000000, 0x00000000ee000000|100%| S|CS|TAMS 0x00000000edf00000, 0x00000000edf00000| Complete 
| 224|0x00000000ee000000, 0x00000000ee100000, 0x00000000ee100000|100%| S|CS|TAMS 0x00000000ee000000, 0x00000000ee000000| Complete 
| 225|0x00000000ee100000, 0x00000000ee200000, 0x00000000ee200000|100%| S|CS|TAMS 0x00000000ee100000, 0x00000000ee100000| Complete 
| 226|0x00000000ee200000, 0x00000000ee300000, 0x00000000ee300000|100%| E|CS|TAMS 0x00000000ee200000, 0x00000000ee200000| Complete 
| 227|0x00000000ee300000, 0x00000000ee400000, 0x00000000ee400000|100%| E|CS|TAMS 0x00000000ee300000, 0x00000000ee300000| Complete 
| 228|0x00000000ee400000, 0x00000000ee500000, 0x00000000ee500000|100%| E|CS|TAMS 0x00000000ee400000, 0x00000000ee400000| Complete 
| 229|0x00000000ee500000, 0x00000000ee600000, 0x00000000ee600000|100%| E|CS|TAMS 0x00000000ee500000, 0x00000000ee500000| Complete 
| 230|0x00000000ee600000, 0x00000000ee700000, 0x00000000ee700000|100%| E|CS|TAMS 0x00000000ee600000, 0x00000000ee600000| Complete 
| 231|0x00000000ee700000, 0x00000000ee800000, 0x00000000ee800000|100%| E|CS|TAMS 0x00000000ee700000, 0x00000000ee700000| Complete 
| 232|0x00000000ee800000, 0x00000000ee900000, 0x00000000ee900000|100%| E|CS|TAMS 0x00000000ee800000, 0x00000000ee800000| Complete 
| 233|0x00000000ee900000, 0x00000000eea00000, 0x00000000eea00000|100%| E|CS|TAMS 0x00000000ee900000, 0x00000000ee900000| Complete 
| 234|0x00000000eea00000, 0x00000000eeb00000, 0x00000000eeb00000|100%| E|CS|TAMS 0x00000000eea00000, 0x00000000eea00000| Complete 
| 235|0x00000000eeb00000, 0x00000000eec00000, 0x00000000eec00000|100%| E|CS|TAMS 0x00000000eeb00000, 0x00000000eeb00000| Complete 
| 236|0x00000000eec00000, 0x00000000eed00000, 0x00000000eed00000|100%| E|CS|TAMS 0x00000000eec00000, 0x00000000eec00000| Complete 
| 237|0x00000000eed00000, 0x00000000eee00000, 0x00000000eee00000|100%| E|CS|TAMS 0x00000000eed00000, 0x00000000eed00000| Complete 
| 238|0x00000000eee00000, 0x00000000eef00000, 0x00000000eef00000|100%| E|CS|TAMS 0x00000000eee00000, 0x00000000eee00000| Complete 
| 239|0x00000000eef00000, 0x00000000ef000000, 0x00000000ef000000|100%| E|CS|TAMS 0x00000000eef00000, 0x00000000eef00000| Complete 
| 240|0x00000000ef000000, 0x00000000ef100000, 0x00000000ef100000|100%| E|CS|TAMS 0x00000000ef000000, 0x00000000ef000000| Complete 
| 241|0x00000000ef100000, 0x00000000ef200000, 0x00000000ef200000|100%| E|CS|TAMS 0x00000000ef100000, 0x00000000ef100000| Complete 
| 242|0x00000000ef200000, 0x00000000ef300000, 0x00000000ef300000|100%| E|CS|TAMS 0x00000000ef200000, 0x00000000ef200000| Complete 
| 243|0x00000000ef300000, 0x00000000ef400000, 0x00000000ef400000|100%| E|CS|TAMS 0x00000000ef300000, 0x00000000ef300000| Complete 
| 244|0x00000000ef400000, 0x00000000ef500000, 0x00000000ef500000|100%| E|CS|TAMS 0x00000000ef400000, 0x00000000ef400000| Complete 
| 245|0x00000000ef500000, 0x00000000ef600000, 0x00000000ef600000|100%| E|CS|TAMS 0x00000000ef500000, 0x00000000ef500000| Complete 
| 246|0x00000000ef600000, 0x00000000ef700000, 0x00000000ef700000|100%| E|CS|TAMS 0x00000000ef600000, 0x00000000ef600000| Complete 
| 247|0x00000000ef700000, 0x00000000ef800000, 0x00000000ef800000|100%| E|CS|TAMS 0x00000000ef700000, 0x00000000ef700000| Complete 
| 248|0x00000000ef800000, 0x00000000ef900000, 0x00000000ef900000|100%| E|CS|TAMS 0x00000000ef800000, 0x00000000ef800000| Complete 
| 249|0x00000000ef900000, 0x00000000efa00000, 0x00000000efa00000|100%| E|CS|TAMS 0x00000000ef900000, 0x00000000ef900000| Complete 
| 250|0x00000000efa00000, 0x00000000efb00000, 0x00000000efb00000|100%| E|CS|TAMS 0x00000000efa00000, 0x00000000efa00000| Complete 
| 251|0x00000000efb00000, 0x00000000efc00000, 0x00000000efc00000|100%| E|CS|TAMS 0x00000000efb00000, 0x00000000efb00000| Complete 
| 252|0x00000000efc00000, 0x00000000efd00000, 0x00000000efd00000|100%| E|CS|TAMS 0x00000000efc00000, 0x00000000efc00000| Complete 
| 253|0x00000000efd00000, 0x00000000efe00000, 0x00000000efe00000|100%| E|CS|TAMS 0x00000000efd00000, 0x00000000efd00000| Complete 
| 254|0x00000000efe00000, 0x00000000eff00000, 0x00000000eff00000|100%| E|CS|TAMS 0x00000000efe00000, 0x00000000efe00000| Complete 
| 255|0x00000000eff00000, 0x00000000f0000000, 0x00000000f0000000|100%| E|CS|TAMS 0x00000000eff00000, 0x00000000eff00000| Complete 

Card table byte_map: [0x000002acfd090000,0x000002acfd190000] _byte_map_base: 0x000002acfc990000

Marking Bits (Prev, Next): (CMBitMap*) 0x000002ace61dec40, (CMBitMap*) 0x000002ace61dec80
 Prev Bits: [0x000002acfd290000, 0x000002acfda90000)
 Next Bits: [0x000002acfda90000, 0x000002acfe290000)

Polling page: 0x000002ace5980000

Metaspace:

Usage:
  Non-class:     13.09 MB used.
      Class:      2.19 MB used.
       Both:     15.28 MB used.

Virtual space:
  Non-class space:       16.00 MB reserved,      13.19 MB ( 82%) committed,  2 nodes.
      Class space:      208.00 MB reserved,       2.31 MB (  1%) committed,  1 nodes.
             Both:      224.00 MB reserved,      15.50 MB (  7%) committed. 

Chunk freelists:
   Non-Class:  1.95 MB
       Class:  1.64 MB
        Both:  3.59 MB

MaxMetaspaceSize: 256.00 MB
CompressedClassSpaceSize: 208.00 MB
Initial GC threshold: 21.00 MB
Current GC threshold: 21.00 MB
CDS: on
MetaspaceReclaimPolicy: balanced
 - commit_granule_bytes: 65536.
 - commit_granule_words: 8192.
 - virtual_space_node_default_size: 1048576.
 - enlarge_chunks_in_place: 1.
 - new_chunks_are_fully_committed: 0.
 - uncommit_free_chunks: 1.
 - use_allocation_guard: 0.
 - handle_deallocations: 1.


Internal statistics:

num_allocs_failed_limit: 0.
num_arena_births: 160.
num_arena_deaths: 0.
num_vsnodes_births: 3.
num_vsnodes_deaths: 0.
num_space_committed: 248.
num_space_uncommitted: 0.
num_chunks_returned_to_freelist: 0.
num_chunks_taken_from_freelist: 656.
num_chunk_merges: 0.
num_chunk_splits: 446.
num_chunks_enlarged: 342.
num_purges: 0.
num_inconsistent_stats: 0.

CodeHeap 'non-profiled nmethods': size=120000Kb used=1155Kb max_used=1155Kb free=118844Kb
 bounds [0x000002acf5500000, 0x000002acf5770000, 0x000002acfca30000]
CodeHeap 'profiled nmethods': size=120000Kb used=4287Kb max_used=4287Kb free=115712Kb
 bounds [0x000002aceda30000, 0x000002acede60000, 0x000002acf4f60000]
CodeHeap 'non-nmethods': size=5760Kb used=1291Kb max_used=1341Kb free=4469Kb
 bounds [0x000002acf4f60000, 0x000002acf51d0000, 0x000002acf5500000]
 total_blobs=2620 nmethods=2097 adapters=435
 compilation: enabled
              stopped_count=0, restarted_count=0
 full_count=0

Compilation events (20 events):
Event: 2.203 Thread 0x000002acfeee1ac0 2043       3       jdk.internal.org.objectweb.asm.MethodWriter::visitFrameEnd (53 bytes)
Event: 2.203 Thread 0x000002acfeee1ac0 nmethod 2043 0x000002acede40710 code [0x000002acede408e0, 0x000002acede40dc8]
Event: 2.203 Thread 0x000002acfeee1ac0 2038       3       sun.reflect.generics.scope.ClassScope::make (9 bytes)
Event: 2.203 Thread 0x000002acfeee1ac0 nmethod 2038 0x000002acede40f10 code [0x000002acede410c0, 0x000002acede41378]
Event: 2.203 Thread 0x000002acfeee1ac0 2039       3       sun.reflect.generics.scope.ClassScope::<init> (6 bytes)
Event: 2.203 Thread 0x000002acfeee1ac0 nmethod 2039 0x000002acede41490 code [0x000002acede41640, 0x000002acede41858]
Event: 2.205 Thread 0x000002acfeee1ac0 2044       3       sun.reflect.annotation.AnnotationType::getInstance (65 bytes)
Event: 2.205 Thread 0x000002acfeee1ac0 nmethod 2044 0x000002acede41910 code [0x000002acede41b00, 0x000002acede42078]
Event: 2.208 Thread 0x000002acfeee1ac0 2045       3       jdk.internal.reflect.ReflectionFactory::copyConstructor (11 bytes)
Event: 2.208 Thread 0x000002acfeee1ac0 nmethod 2045 0x000002acede42310 code [0x000002acede424c0, 0x000002acede426c8]
Event: 2.208 Thread 0x000002acfeee1ac0 2046       3       java.lang.reflect.ReflectAccess::copyConstructor (5 bytes)
Event: 2.208 Thread 0x000002acfeee1ac0 nmethod 2046 0x000002acede42810 code [0x000002acede429c0, 0x000002acede42b08]
Event: 2.212 Thread 0x000002acfeee1ac0 2047       3       org.gradle.internal.service.DefaultServiceRegistry$SingletonService::<init> (26 bytes)
Event: 2.212 Thread 0x000002acfeee1ac0 nmethod 2047 0x000002acede42c10 code [0x000002acede42e20, 0x000002acede43628]
Event: 2.212 Thread 0x000002acfeee1ac0 2048       3       org.gradle.internal.service.DefaultServiceRegistry$ManagedObjectServiceProvider::<init> (21 bytes)
Event: 2.213 Thread 0x000002acfeee1ac0 nmethod 2048 0x000002acede43890 code [0x000002acede43a80, 0x000002acede44058]
Event: 2.214 Thread 0x000002acfeee1ac0 2050       3       java.lang.Class::privateGetDeclaredConstructors (79 bytes)
Event: 2.214 Thread 0x000002acfeee1ac0 nmethod 2050 0x000002acede44210 code [0x000002acede44400, 0x000002acede44948]
Event: 2.214 Thread 0x000002acfeee1ac0 2051       3       java.util.LinkedList$ListItr::<init> (47 bytes)
Event: 2.214 Thread 0x000002acfeee1ac0 nmethod 2051 0x000002acede44b10 code [0x000002acede44cc0, 0x000002acede44fa8]

GC Heap History (4 events):
Event: 0.772 GC heap before
{Heap before GC invocations=0 (full 0):
 garbage-first heap   total 262144K, used 28672K [0x00000000e0000000, 0x0000000100000000)
  region size 1024K, 23 young (23552K), 0 survivors (0K)
 Metaspace       used 3005K, committed 3136K, reserved 221184K
  class space    used 383K, committed 448K, reserved 212992K
}
Event: 0.775 GC heap after
{Heap after GC invocations=1 (full 0):
 garbage-first heap   total 262144K, used 9523K [0x00000000e0000000, 0x0000000100000000)
  region size 1024K, 3 young (3072K), 3 survivors (3072K)
 Metaspace       used 3005K, committed 3136K, reserved 221184K
  class space    used 383K, committed 448K, reserved 212992K
}
Event: 1.078 GC heap before
{Heap before GC invocations=1 (full 0):
 garbage-first heap   total 262144K, used 38195K [0x00000000e0000000, 0x0000000100000000)
  region size 1024K, 30 young (30720K), 3 survivors (3072K)
 Metaspace       used 3936K, committed 4096K, reserved 221184K
  class space    used 479K, committed 576K, reserved 212992K
}
Event: 1.081 GC heap after
{Heap after GC invocations=2 (full 0):
 garbage-first heap   total 262144K, used 13815K [0x00000000e0000000, 0x0000000100000000)
  region size 1024K, 4 young (4096K), 4 survivors (4096K)
 Metaspace       used 3936K, committed 4096K, reserved 221184K
  class space    used 479K, committed 576K, reserved 212992K
}

Deoptimization events (20 events):
Event: 2.222 Thread 0x000002ac82ca2bb0 DEOPT PACKING pc=0x000002acedb238c1 sp=0x000000f7f2bfbd90
Event: 2.222 Thread 0x000002ac82ca2bb0 DEOPT UNPACKING pc=0x000002acf4fb2b43 sp=0x000000f7f2bfb238 mode 1
Event: 2.222 Thread 0x000002ac82ca2bb0 DEOPT PACKING pc=0x000002acedb1f844 sp=0x000000f7f2bfbdf0
Event: 2.222 Thread 0x000002ac82ca2bb0 DEOPT UNPACKING pc=0x000002acf4fb2b43 sp=0x000000f7f2bfb2d8 mode 1
Event: 2.222 Thread 0x000002ac82ca2bb0 DEOPT PACKING pc=0x000002acedb2c221 sp=0x000000f7f2bfbd70
Event: 2.222 Thread 0x000002ac82ca2bb0 DEOPT UNPACKING pc=0x000002acf4fb2b43 sp=0x000000f7f2bfb258 mode 1
Event: 2.222 Thread 0x000002ac82ca2bb0 DEOPT PACKING pc=0x000002acedb1f844 sp=0x000000f7f2bfbed0
Event: 2.222 Thread 0x000002ac82ca2bb0 DEOPT UNPACKING pc=0x000002acf4fb2b43 sp=0x000000f7f2bfb3b8 mode 1
Event: 2.222 Thread 0x000002ac82ca2bb0 DEOPT PACKING pc=0x000002acedb2c221 sp=0x000000f7f2bfbe50
Event: 2.222 Thread 0x000002ac82ca2bb0 DEOPT UNPACKING pc=0x000002acf4fb2b43 sp=0x000000f7f2bfb338 mode 1
Event: 2.222 Thread 0x000002ac82ca2bb0 DEOPT PACKING pc=0x000002acedb1f844 sp=0x000000f7f2bfbfb0
Event: 2.222 Thread 0x000002ac82ca2bb0 DEOPT UNPACKING pc=0x000002acf4fb2b43 sp=0x000000f7f2bfb498 mode 1
Event: 2.222 Thread 0x000002ac82ca2bb0 DEOPT PACKING pc=0x000002acedb238c1 sp=0x000000f7f2bf9eb0
Event: 2.222 Thread 0x000002ac82ca2bb0 DEOPT UNPACKING pc=0x000002acf4fb2b43 sp=0x000000f7f2bf9358 mode 1
Event: 2.222 Thread 0x000002ac82ca2bb0 DEOPT PACKING pc=0x000002acedb1f844 sp=0x000000f7f2bf9f10
Event: 2.222 Thread 0x000002ac82ca2bb0 DEOPT UNPACKING pc=0x000002acf4fb2b43 sp=0x000000f7f2bf93f8 mode 1
Event: 2.222 Thread 0x000002ac82ca2bb0 DEOPT PACKING pc=0x000002acedb2c221 sp=0x000000f7f2bf9e90
Event: 2.222 Thread 0x000002ac82ca2bb0 DEOPT UNPACKING pc=0x000002acf4fb2b43 sp=0x000000f7f2bf9378 mode 1
Event: 2.222 Thread 0x000002ac82ca2bb0 DEOPT PACKING pc=0x000002acedb1f844 sp=0x000000f7f2bf9ff0
Event: 2.222 Thread 0x000002ac82ca2bb0 DEOPT UNPACKING pc=0x000002acf4fb2b43 sp=0x000000f7f2bf94d8 mode 1

Classes unloaded (0 events):
No events

Classes redefined (0 events):
No events

Internal exceptions (20 events):
Event: 1.431 Thread 0x000002ace61ae0a0 Exception <a 'java/lang/NoSuchMethodError'{0x00000000eef1a4f8}: 'java.lang.Object java.lang.invoke.DirectMethodHandle$Holder.invokeStaticInit(java.lang.Object, int, int, int, int)'> (0x00000000eef1a4f8) 
thrown [s\open\src\hotspot\share\interpreter\linkResolver.cpp, line 759]
Event: 1.460 Thread 0x000002ace61ae0a0 Exception <a 'java/lang/NoSuchMethodError'{0x00000000eef678a0}: 'java.lang.Object java.lang.invoke.DirectMethodHandle$Holder.invokeStaticInit(java.lang.Object, java.lang.Object, int, int, int, int)'> (0x00000000eef678a0) 
thrown [s\open\src\hotspot\share\interpreter\linkResolver.cpp, line 759]
Event: 1.526 Thread 0x000002ace61ae0a0 Exception <a 'java/lang/NoSuchMethodError'{0x00000000eee678a0}: 'void java.lang.invoke.DirectMethodHandle$Holder.invokeStatic(java.lang.Object, java.lang.Object, java.lang.Object)'> (0x00000000eee678a0) 
thrown [s\open\src\hotspot\share\interpreter\linkResolver.cpp, line 759]
Event: 1.542 Thread 0x000002ace61ae0a0 Exception <a 'java/io/IOException'{0x00000000eed052a8}> (0x00000000eed052a8) 
thrown [s\open\src\hotspot\share\prims\jni.cpp, line 516]
Event: 1.709 Thread 0x000002ac82ca2bb0 Exception <a 'java/lang/NoSuchMethodError'{0x00000000ee708780}: 'long java.lang.invoke.DirectMethodHandle$Holder.invokeInterface(java.lang.Object, java.lang.Object)'> (0x00000000ee708780) 
thrown [s\open\src\hotspot\share\interpreter\linkResolver.cpp, line 759]
Event: 1.710 Thread 0x000002ac82ca2bb0 Exception <a 'java/lang/NoSuchMethodError'{0x00000000ee7168f8}: 'void java.lang.invoke.DelegatingMethodHandle$Holder.reinvoke_L(java.lang.Object, java.lang.Object, java.lang.Object, java.lang.Object, java.lang.Object, java.lang.Object, java.lang.Object)'> (0x00000000ee7168f8) 
thrown [s\open\src\hotspot\share\interpreter\linkResolver.cpp, line 759]
Event: 1.927 Thread 0x000002ac82ca2bb0 Exception <a 'java/lang/NoSuchMethodError'{0x00000000ed5b8cb0}: 'void java.lang.invoke.DirectMethodHandle$Holder.invokeStaticInit(java.lang.Object)'> (0x00000000ed5b8cb0) 
thrown [s\open\src\hotspot\share\interpreter\linkResolver.cpp, line 759]
Event: 1.930 Thread 0x000002ac82ca2bb0 Exception <a 'java/lang/NoSuchMethodError'{0x00000000ed5cfc50}: 'void java.lang.invoke.DirectMethodHandle$Holder.invokeSpecial(java.lang.Object, java.lang.Object, java.lang.Object)'> (0x00000000ed5cfc50) 
thrown [s\open\src\hotspot\share\interpreter\linkResolver.cpp, line 759]
Event: 1.941 Thread 0x000002ac82ca2bb0 Exception <a 'java/lang/NoSuchMethodError'{0x00000000ed45bbb0}: 'java.lang.Object java.lang.invoke.DirectMethodHandle$Holder.newInvokeSpecial(java.lang.Object, java.lang.Object, java.lang.Object, int)'> (0x00000000ed45bbb0) 
thrown [s\open\src\hotspot\share\interpreter\linkResolver.cpp, line 759]
Event: 1.941 Thread 0x000002ac82ca2bb0 Exception <a 'java/lang/NoSuchMethodError'{0x00000000ed460a30}: 'java.lang.Object java.lang.invoke.DirectMethodHandle$Holder.invokeSpecial(java.lang.Object, java.lang.Object, java.lang.Object, java.lang.Object, int)'> (0x00000000ed460a30) 
thrown [s\open\src\hotspot\share\interpreter\linkResolver.cpp, line 759]
Event: 1.941 Thread 0x000002ac82ca2bb0 Exception <a 'java/lang/NoSuchMethodError'{0x00000000ed465098}: 'java.lang.Object java.lang.invoke.Invokers$Holder.linkToTargetMethod(java.lang.Object, java.lang.Object, int, java.lang.Object)'> (0x00000000ed465098) 
thrown [s\open\src\hotspot\share\interpreter\linkResolver.cpp, line 759]
Event: 2.039 Thread 0x000002ac82ca2bb0 Exception <a 'java/lang/NoSuchMethodError'{0x00000000ecfe0948}: 'int java.lang.invoke.DirectMethodHandle$Holder.invokeSpecialIFC(java.lang.Object, java.lang.Object, java.lang.Object, java.lang.Object)'> (0x00000000ecfe0948) 
thrown [s\open\src\hotspot\share\interpreter\linkResolver.cpp, line 759]
Event: 2.040 Thread 0x000002ac82ca2bb0 Exception <a 'java/lang/NoSuchMethodError'{0x00000000ecfef920}: 'java.lang.Object java.lang.invoke.DirectMethodHandle$Holder.invokeInterface(java.lang.Object, java.lang.Object, java.lang.Object)'> (0x00000000ecfef920) 
thrown [s\open\src\hotspot\share\interpreter\linkResolver.cpp, line 759]
Event: 2.041 Thread 0x000002ac82ca2bb0 Exception <a 'java/lang/IncompatibleClassChangeError'{0x00000000ecff37f8}: Found class java.lang.Object, but interface was expected> (0x00000000ecff37f8) 
thrown [s\open\src\hotspot\share\interpreter\linkResolver.cpp, line 826]
Event: 2.086 Thread 0x000002ac82ca2bb0 Exception <a 'java/lang/NoSuchMethodError'{0x00000000eccb30c8}: 'int java.lang.invoke.DirectMethodHandle$Holder.invokeStatic(java.lang.Object, java.lang.Object, java.lang.Object, java.lang.Object)'> (0x00000000eccb30c8) 
thrown [s\open\src\hotspot\share\interpreter\linkResolver.cpp, line 759]
Event: 2.086 Thread 0x000002ac82ca2bb0 Exception <a 'java/lang/NoSuchMethodError'{0x00000000eccb6f98}: 'java.lang.Object java.lang.invoke.Invokers$Holder.invokeExact_MT(java.lang.Object, java.lang.Object, java.lang.Object, java.lang.Object, java.lang.Object, java.lang.Object)'> (0x00000000eccb6f98) 
thrown [s\open\src\hotspot\share\interpreter\linkResolver.cpp, line 759]
Event: 2.115 Thread 0x000002ac82ca2bb0 Exception <a 'java/lang/NoSuchMethodError'{0x00000000ec90bb20}: 'java.lang.Object java.lang.invoke.DirectMethodHandle$Holder.invokeInterface(java.lang.Object, java.lang.Object)'> (0x00000000ec90bb20) 
thrown [s\open\src\hotspot\share\interpreter\linkResolver.cpp, line 759]
Event: 2.149 Thread 0x000002ac82ca2bb0 Exception <a 'java/lang/NoSuchMethodError'{0x00000000ec734240}: 'java.lang.Object java.lang.invoke.DirectMethodHandle$Holder.invokeSpecial(java.lang.Object, java.lang.Object, java.lang.Object, java.lang.Object, java.lang.Object, java.lang.Object, java.lang.Object, java.lang.Object, java.lang.Object)'> (0x00000000ec734240) 
thrown [s\open\src\hotspot\share\interpreter\linkResolver.cpp, line 759]
Event: 2.213 Thread 0x000002ac82ca2bb0 Exception <a 'java/lang/NoSuchMethodError'{0x00000000ec32eb30}: 'void java.lang.invoke.DirectMethodHandle$Holder.invokeStatic(java.lang.Object, java.lang.Object)'> (0x00000000ec32eb30) 
thrown [s\open\src\hotspot\share\interpreter\linkResolver.cpp, line 759]
Event: 2.217 Thread 0x000002ac82ca2bb0 Exception <a 'java/lang/NoSuchMethodError'{0x00000000ec36fd20}: 'java.lang.Object java.lang.invoke.DirectMethodHandle$Holder.invokeVirtual(java.lang.Object, java.lang.Object, java.lang.Object, java.lang.Object)'> (0x00000000ec36fd20) 
thrown [s\open\src\hotspot\share\interpreter\linkResolver.cpp, line 759]

VM Operations (20 events):
Event: 1.335 Executing VM operation: HandshakeAllThreads
Event: 1.335 Executing VM operation: HandshakeAllThreads done
Event: 1.422 Executing VM operation: HandshakeAllThreads
Event: 1.422 Executing VM operation: HandshakeAllThreads done
Event: 1.442 Executing VM operation: HandshakeAllThreads
Event: 1.443 Executing VM operation: HandshakeAllThreads done
Event: 1.456 Executing VM operation: HandshakeAllThreads
Event: 1.456 Executing VM operation: HandshakeAllThreads done
Event: 1.574 Executing VM operation: HandshakeAllThreads
Event: 1.574 Executing VM operation: HandshakeAllThreads done
Event: 1.839 Executing VM operation: HandshakeAllThreads
Event: 1.839 Executing VM operation: HandshakeAllThreads done
Event: 1.839 Executing VM operation: HandshakeAllThreads
Event: 1.839 Executing VM operation: HandshakeAllThreads done
Event: 1.976 Executing VM operation: ICBufferFull
Event: 1.976 Executing VM operation: ICBufferFull done
Event: 2.013 Executing VM operation: HandshakeAllThreads
Event: 2.013 Executing VM operation: HandshakeAllThreads done
Event: 2.014 Executing VM operation: HandshakeAllThreads
Event: 2.014 Executing VM operation: HandshakeAllThreads done

Events (20 events):
Event: 2.038 loading class java/nio/file/FileVisitor
Event: 2.038 loading class java/nio/file/FileVisitor done
Event: 2.038 loading class java/nio/file/FileVisitOption
Event: 2.038 loading class java/nio/file/FileVisitOption done
Event: 2.041 loading class java/util/stream/ReduceOps$1
Event: 2.041 loading class java/util/stream/ReduceOps$1 done
Event: 2.041 loading class java/util/stream/ReduceOps$1ReducingSink
Event: 2.041 loading class java/util/stream/ReduceOps$1ReducingSink done
Event: 2.046 loading class java/io/ObjectInputStream
Event: 2.046 loading class java/io/ObjectInput
Event: 2.046 loading class java/io/ObjectInput done
Event: 2.046 loading class java/io/ObjectStreamConstants
Event: 2.046 loading class java/io/ObjectStreamConstants done
Event: 2.046 loading class java/io/ObjectInputStream done
Event: 2.047 loading class java/io/ObjectOutputStream
Event: 2.047 loading class java/io/ObjectOutput
Event: 2.047 loading class java/io/ObjectOutput done
Event: 2.047 loading class java/io/ObjectOutputStream done
Event: 2.213 loading class java/lang/invoke/MethodHandle$1
Event: 2.213 loading class java/lang/invoke/MethodHandle$1 done


Dynamic libraries:
0x00007ff7fc8e0000 - 0x00007ff7fc8f0000 	C:\Program Files\Java\jdk-17\bin\java.exe
0x00007ffc34e10000 - 0x00007ffc35027000 	C:\WINDOWS\SYSTEM32\ntdll.dll
0x00007ffc33f70000 - 0x00007ffc34034000 	C:\WINDOWS\System32\KERNEL32.DLL
0x00007ffc325a0000 - 0x00007ffc32946000 	C:\WINDOWS\System32\KERNELBASE.dll
0x00007ffc32180000 - 0x00007ffc32291000 	C:\WINDOWS\System32\ucrtbase.dll
0x00007ffc184d0000 - 0x00007ffc184e9000 	C:\Program Files\Java\jdk-17\bin\jli.dll
0x00007ffc10130000 - 0x00007ffc1014b000 	C:\Program Files\Java\jdk-17\bin\VCRUNTIME140.dll
0x00007ffc338e0000 - 0x00007ffc33991000 	C:\WINDOWS\System32\ADVAPI32.dll
0x00007ffc34040000 - 0x00007ffc340e7000 	C:\WINDOWS\System32\msvcrt.dll
0x00007ffc34130000 - 0x00007ffc341d5000 	C:\WINDOWS\System32\sechost.dll
0x00007ffc34cb0000 - 0x00007ffc34dc7000 	C:\WINDOWS\System32\RPCRT4.dll
0x00007ffc32b60000 - 0x00007ffc32d0e000 	C:\WINDOWS\System32\USER32.dll
0x00007ffc32a70000 - 0x00007ffc32a96000 	C:\WINDOWS\System32\win32u.dll
0x00007ffc1f380000 - 0x00007ffc1f613000 	C:\WINDOWS\WinSxS\amd64_microsoft.windows.common-controls_6595b64144ccf1df_6.0.22621.2506_none_270c5ae97388e100\COMCTL32.dll
0x00007ffc32d80000 - 0x00007ffc32da9000 	C:\WINDOWS\System32\GDI32.dll
0x00007ffc32950000 - 0x00007ffc32a68000 	C:\WINDOWS\System32\gdi32full.dll
0x00007ffc32310000 - 0x00007ffc323aa000 	C:\WINDOWS\System32\msvcp_win.dll
0x00007ffc2cb20000 - 0x00007ffc2cb2a000 	C:\WINDOWS\SYSTEM32\VERSION.dll
0x00007ffc340f0000 - 0x00007ffc34121000 	C:\WINDOWS\System32\IMM32.DLL
0x00007ffc19020000 - 0x00007ffc1902c000 	C:\Program Files\Java\jdk-17\bin\vcruntime140_1.dll
0x00007ffbfc340000 - 0x00007ffbfc3ce000 	C:\Program Files\Java\jdk-17\bin\msvcp140.dll
0x00007ffb8fd60000 - 0x00007ffb9093d000 	C:\Program Files\Java\jdk-17\bin\server\jvm.dll
0x00007ffc33700000 - 0x00007ffc33708000 	C:\WINDOWS\System32\PSAPI.DLL
0x00007ffc22780000 - 0x00007ffc22789000 	C:\WINDOWS\SYSTEM32\WSOCK32.dll
0x00007ffc246c0000 - 0x00007ffc246f4000 	C:\WINDOWS\SYSTEM32\WINMM.dll
0x00007ffc33e20000 - 0x00007ffc33e91000 	C:\WINDOWS\System32\WS2_32.dll
0x00007ffc31180000 - 0x00007ffc31198000 	C:\WINDOWS\SYSTEM32\kernel.appcore.dll
0x00007ffc184c0000 - 0x00007ffc184ca000 	C:\Program Files\Java\jdk-17\bin\jimage.dll
0x00007ffc2c0f0000 - 0x00007ffc2c323000 	C:\WINDOWS\SYSTEM32\DBGHELP.DLL
0x00007ffc341e0000 - 0x00007ffc34569000 	C:\WINDOWS\System32\combase.dll
0x00007ffc34960000 - 0x00007ffc34a37000 	C:\WINDOWS\System32\OLEAUT32.dll
0x00007ffc2bd50000 - 0x00007ffc2bd82000 	C:\WINDOWS\SYSTEM32\dbgcore.DLL
0x00007ffc32520000 - 0x00007ffc3259a000 	C:\WINDOWS\System32\bcryptPrimitives.dll
0x00007ffbf85b0000 - 0x00007ffbf85eb000 	C:\Program Files\Java\jdk-17\bin\jdwp.dll
0x00007ffc05d70000 - 0x00007ffc05d95000 	C:\Program Files\Java\jdk-17\bin\java.dll
0x00007ffbba570000 - 0x00007ffbba647000 	C:\Program Files\Java\jdk-17\bin\jsvml.dll
0x00007ffc32e10000 - 0x00007ffc3366a000 	C:\WINDOWS\System32\SHELL32.dll
0x00007ffc300a0000 - 0x00007ffc30996000 	C:\WINDOWS\SYSTEM32\windows.storage.dll
0x00007ffc2ff60000 - 0x00007ffc3009e000 	C:\WINDOWS\SYSTEM32\wintypes.dll
0x00007ffc34570000 - 0x00007ffc34663000 	C:\WINDOWS\System32\SHCORE.dll
0x00007ffc32db0000 - 0x00007ffc32e0e000 	C:\WINDOWS\System32\shlwapi.dll
0x00007ffc320b0000 - 0x00007ffc320d6000 	C:\WINDOWS\SYSTEM32\profapi.dll
0x00007ffc06170000 - 0x00007ffc0617c000 	C:\Program Files\Java\jdk-17\bin\dt_socket.dll
0x00007ffc30c40000 - 0x00007ffc30c6d000 	C:\WINDOWS\SYSTEM32\IPHLPAPI.DLL
0x00007ffc31600000 - 0x00007ffc31669000 	C:\WINDOWS\system32\mswsock.dll
0x00007ffbfb010000 - 0x00007ffbfb029000 	C:\Program Files\Java\jdk-17\bin\net.dll
0x00007ffc2cdb0000 - 0x00007ffc2cee7000 	C:\WINDOWS\SYSTEM32\WINHTTP.dll
0x00007ffbfaff0000 - 0x00007ffbfb006000 	C:\Program Files\Java\jdk-17\bin\nio.dll
0x00007ffc05d50000 - 0x00007ffc05d68000 	C:\Program Files\Java\jdk-17\bin\zip.dll
0x00007ffc102b0000 - 0x00007ffc102c0000 	C:\Program Files\Java\jdk-17\bin\verify.dll
0x00007ffbec2b0000 - 0x00007ffbec2d7000 	C:\Users\kazum\.gradle\native\e1d6ef7f7dcc3fd88c89a11ec53ec762bb8ba0a96d01ffa2cd45eb1d1d8dd5c5\windows-amd64\native-platform.dll
0x00007ffbb2650000 - 0x00007ffbb2794000 	C:\Users\kazum\.gradle\native\5664cfc778a61ccfe75a443a1ab52a65af34e5dc3c78e0209fed803814484fcb\windows-amd64\native-platform-file-events.dll
0x00007ffc019b0000 - 0x00007ffc019ba000 	C:\Program Files\Java\jdk-17\bin\management.dll
0x00007ffbfc500000 - 0x00007ffbfc50b000 	C:\Program Files\Java\jdk-17\bin\management_ext.dll
0x00007ffc31850000 - 0x00007ffc3186b000 	C:\WINDOWS\SYSTEM32\CRYPTSP.dll
0x00007ffc310e0000 - 0x00007ffc31115000 	C:\WINDOWS\system32\rsaenh.dll
0x00007ffc316f0000 - 0x00007ffc3171c000 	C:\WINDOWS\SYSTEM32\USERENV.dll
0x00007ffc31a20000 - 0x00007ffc31a48000 	C:\WINDOWS\SYSTEM32\bcrypt.dll
0x00007ffc31870000 - 0x00007ffc3187c000 	C:\WINDOWS\SYSTEM32\CRYPTBASE.dll
0x00007ffc338d0000 - 0x00007ffc338d9000 	C:\WINDOWS\System32\NSI.dll
0x00007ffc2cc60000 - 0x00007ffc2cc79000 	C:\WINDOWS\SYSTEM32\dhcpcsvc6.DLL
0x00007ffc2cc40000 - 0x00007ffc2cc5f000 	C:\WINDOWS\SYSTEM32\dhcpcsvc.DLL
0x00007ffc30c70000 - 0x00007ffc30d69000 	C:\WINDOWS\SYSTEM32\DNSAPI.dll
0x00007ffbfc4f0000 - 0x00007ffbfc4fd000 	C:\Program Files\Java\jdk-17\bin\sunmscapi.dll
0x00007ffc323b0000 - 0x00007ffc32516000 	C:\WINDOWS\System32\CRYPT32.dll
0x00007ffc319f0000 - 0x00007ffc31a1d000 	C:\WINDOWS\SYSTEM32\ncrypt.dll
0x00007ffc319b0000 - 0x00007ffc319e7000 	C:\WINDOWS\SYSTEM32\NTASN1.dll
0x00007ffc170f0000 - 0x00007ffc170f8000 	C:\WINDOWS\system32\wshunix.dll

dbghelp: loaded successfully - version: 4.0.5 - missing functions: none
symbol engine: initialized successfully - sym options: 0x614 - pdb path: .;C:\Program Files\Java\jdk-17\bin;C:\WINDOWS\SYSTEM32;C:\WINDOWS\WinSxS\amd64_microsoft.windows.common-controls_6595b64144ccf1df_6.0.22621.2506_none_270c5ae97388e100;C:\Program Files\Java\jdk-17\bin\server;C:\Users\kazum\.gradle\native\e1d6ef7f7dcc3fd88c89a11ec53ec762bb8ba0a96d01ffa2cd45eb1d1d8dd5c5\windows-amd64;C:\Users\kazum\.gradle\native\5664cfc778a61ccfe75a443a1ab52a65af34e5dc3c78e0209fed803814484fcb\windows-amd64

VM Arguments:
jvm_args: -XX:MaxMetaspaceSize=256m -XX:+HeapDumpOnOutOfMemoryError -agentlib:jdwp=transport=dt_socket,server=n,suspend=y,address=127.0.0.1:58136 --add-opens=java.base/java.util=ALL-UNNAMED --add-opens=java.base/java.lang=ALL-UNNAMED --add-opens=java.base/java.lang.invoke=ALL-UNNAMED --add-opens=java.base/java.util=ALL-UNNAMED --add-opens=java.prefs/java.util.prefs=ALL-UNNAMED --add-opens=java.prefs/java.util.prefs=ALL-UNNAMED --add-opens=java.base/java.nio.charset=ALL-UNNAMED --add-opens=java.base/java.net=ALL-UNNAMED --add-opens=java.base/java.util.concurrent.atomic=ALL-UNNAMED -Xms256m -Xmx512m -Dfile.encoding=windows-31j -Duser.country=JP -Duser.language=ja -Duser.variant 
java_command: org.gradle.launcher.daemon.bootstrap.GradleDaemon 7.3.3
java_class_path (initial): C:\Users\kazum\.gradle\wrapper\dists\gradle-7.3.3-bin\6a41zxkdtcxs8rphpq6y0069z\gradle-7.3.3\lib\gradle-launcher-7.3.3.jar
Launcher Type: SUN_STANDARD

[Global flags]
     intx CICompilerCount                          = 4                                         {product} {ergonomic}
   size_t CompressedClassSpaceSize                 = 218103808                                 {product} {ergonomic}
     uint ConcGCThreads                            = 3                                         {product} {ergonomic}
     uint G1ConcRefinementThreads                  = 10                                        {product} {ergonomic}
   size_t G1HeapRegionSize                         = 1048576                                   {product} {ergonomic}
    uintx GCDrainStackTargetSize                   = 64                                        {product} {ergonomic}
     bool HeapDumpOnOutOfMemoryError               = true                                   {manageable} {command line}
   size_t InitialHeapSize                          = 268435456                                 {product} {command line}
   size_t MarkStackSize                            = 4194304                                   {product} {ergonomic}
   size_t MaxHeapSize                              = 536870912                                 {product} {command line}
   size_t MaxMetaspaceSize                         = 268435456                                 {product} {command line}
   size_t MaxNewSize                               = 321912832                                 {product} {ergonomic}
   size_t MinHeapDeltaBytes                        = 1048576                                   {product} {ergonomic}
   size_t MinHeapSize                              = 268435456                                 {product} {command line}
    uintx NonNMethodCodeHeapSize                   = 5839372                                {pd product} {ergonomic}
    uintx NonProfiledCodeHeapSize                  = 122909434                              {pd product} {ergonomic}
    uintx ProfiledCodeHeapSize                     = 122909434                              {pd product} {ergonomic}
    uintx ReservedCodeCacheSize                    = 251658240                              {pd product} {ergonomic}
     bool SegmentedCodeCache                       = true                                      {product} {ergonomic}
   size_t SoftMaxHeapSize                          = 536870912                              {manageable} {ergonomic}
     bool UseCompressedClassPointers               = true                           {product lp64_product} {ergonomic}
     bool UseCompressedOops                        = true                           {product lp64_product} {ergonomic}
     bool UseG1GC                                  = true                                      {product} {ergonomic}
     bool UseLargePagesIndividualAllocation        = false                                  {pd product} {ergonomic}

Logging:
Log output configuration:
 #0: stdout all=warning uptime,level,tags
 #1: stderr all=off uptime,level,tags

Environment Variables:
PATH=C:\Program Files\Common Files\Oracle\Java\javapath;C:\Program Files (x86)\Windows Resource Kits\Tools\;C:\Program Files (x86)\Common Files\Oracle\Java\javapath;C:\Windows\system32;C:\Windows;C:\Windows\System32\Wbem;C:\Windows\System32\WindowsPowerShell\v1.0\;C:\Windows\System32\OpenSSH\;C:\WINDOWS\system32;C:\WINDOWS;C:\WINDOWS\System32\Wbem;C:\WINDOWS\System32\WindowsPowerShell\v1.0\;C:\WINDOWS\System32\OpenSSH\;C:\Program Files\dotnet\;C:\Program Files\Microsoft SQL Server\130\Tools\Binn\;C:\Program Files (x86)\NVIDIA Corporation\PhysX\Common;C:\Program Files\NVIDIA Corporation\NVIDIA NvDLISR;C:\Program Files\Microsoft SQL Server\150\Tools\Binn\;C:\platform-tools;C:\WINDOWS\system32;C:\WINDOWS;C:\WINDOWS\System32\Wbem;C:\WINDOWS\System32\WindowsPowerShell\v1.0\;C:\WINDOWS\System32\OpenSSH\;C:\Program Files\Git\cmd;C:\Users\kazum\AppData\Local\Microsoft\WindowsApps;C:\Users\kazum\.dotnet\tools;C:\Program Files\JetBrains\IntelliJ IDEA Community Edition 2020.3.2\bin;C:\Program Files\heroku\bin;C:\Users\kazum\AppData\Local\Microsoft\WindowsApps;D:\AvP[V\Microsoft VS Code\bin
USERNAME=kazum
OS=Windows_NT
PROCESSOR_IDENTIFIER=Intel64 Family 6 Model 158 Stepping 10, GenuineIntel



---------------  S Y S T E M  ---------------

OS:
 Windows 11 , 64 bit Build 22621 (10.0.22621.2506)
OS uptime: 3 days 16:41 hours

CPU: total 12 (initial active 12) (6 cores per cpu, 2 threads per core) family 6 model 158 stepping 10 microcode 0xde, cx8, cmov, fxsr, ht, mmx, 3dnowpref, sse, sse2, sse3, ssse3, sse4.1, sse4.2, popcnt, lzcnt, tsc, tscinvbit, avx, avx2, aes, erms, clmul, bmi1, bmi2, rtm, adx, fma, vzeroupper, clflush, clflushopt

Memory: 4k page, system-wide physical 16303M (1804M free)
TotalPageFile size 26303M (AvailPageFile size 5M)
current process WorkingSet (physical memory assigned to process): 212M, peak: 212M
current process commit charge ("private bytes"): 451M, peak: 451M

vm_info: Java HotSpot(TM) 64-Bit Server VM (17.0.7+8-LTS-224) for windows-amd64 JRE (17.0.7+8-LTS-224), built on Feb 28 2023 23:03:02 by "mach5one" with MS VC++ 17.1 (VS2022)

END.
